<?xml version="1.0" encoding="UTF-8"?>
<!-- Generated by org.testng.reporters.JUnitReportReporter -->
<testsuite hostname="YISC1100384LT" failures="0" tests="4" name="api.Test.UserTests2" time="9.510" errors="0" timestamp="2024-05-09T11:10:32 IST" skipped="0">
  <testcase classname="api.Test.UserTests2" name="testPostUser" time="4.832"/>
  <system-out/>
  <testcase classname="api.Test.UserTests2" name="testGetUserByName" time="1.200"/>
  <system-out/>
  <testcase classname="api.Test.UserTests2" name="testUpdateUserByName" time="2.323"/>
  <system-out/>
  <testcase classname="api.Test.UserTests2" name="deleteUserByName" time="1.155"/>
  <system-out/>
</testsuite> <!-- api.Test.UserTests2 -->
