<?xml version="1.0" encoding="UTF-8"?>
<!-- Generated by org.testng.reporters.JUnitReportReporter -->
<testsuite hostname="YISC1100384LT" failures="0" tests="4" name="api.Test.UserTests" time="7.834" errors="0" timestamp="2024-05-08T12:29:18 IST" skipped="0">
  <testcase classname="api.Test.UserTests" name="testPostUser" time="2.758"/>
  <system-out/>
  <testcase classname="api.Test.UserTests" name="testGetUserByName" time="1.374"/>
  <system-out/>
  <testcase classname="api.Test.UserTests" name="testUpdateUserByName" time="2.445"/>
  <system-out/>
  <testcase classname="api.Test.UserTests" name="deleteUserByName" time="1.257"/>
  <system-out/>
</testsuite> <!-- api.Test.UserTests -->
