<?xml version="1.0" encoding="UTF-8"?>
<!-- Generated by org.testng.reporters.JUnitReportReporter -->
<testsuite hostname="YISC1100384LT" failures="0" tests="2" name="com.testautomation.apitesting.tests.DataDrivenTestingUsingExcelFile" time="4.820" errors="0" timestamp="2024-05-06T10:35:59 IST" skipped="0">
  <testcase classname="com.testautomation.apitesting.tests.DataDrivenTestingUsingExcelFile" name="dataDrivenTesting" time="1.190"/>
  <system-out/>
  <testcase classname="com.testautomation.apitesting.tests.DataDrivenTestingUsingExcelFile" name="dataDrivenTesting" time="3.630"/>
  <system-out/>
</testsuite> <!-- com.testautomation.apitesting.tests.DataDrivenTestingUsingExcelFile -->
