<?xml version="1.0" encoding="UTF-8"?>
<!-- Generated by org.testng.reporters.JUnitReportReporter -->
<testsuite hostname="YISC1100384LT" failures="0" tests="4" name="api.Test.UserTests" time="6.221" errors="0" timestamp="2024-05-09T11:08:39 IST" skipped="0">
  <testcase classname="api.Test.UserTests" name="testPostUser" time="1.569"/>
  <system-out/>
  <testcase classname="api.Test.UserTests" name="testGetUserByName" time="1.187"/>
  <system-out/>
  <testcase classname="api.Test.UserTests" name="testUpdateUserByName" time="2.296"/>
  <system-out/>
  <testcase classname="api.Test.UserTests" name="deleteUserByName" time="1.169"/>
  <system-out/>
</testsuite> <!-- api.Test.UserTests -->
