<?xml version="1.0" encoding="UTF-8"?>
<!-- Generated by org.testng.reporters.JUnitReportReporter -->
<testsuite hostname="YISC1100384LT" failures="0" tests="4" name="api.Test.UserTests2" time="7.308" errors="0" timestamp="2024-05-09T14:56:53 IST" skipped="0">
  <testcase classname="api.Test.UserTests2" name="testPostUser" time="2.673"/>
  <system-out/>
  <testcase classname="api.Test.UserTests2" name="testGetUserByName" time="1.163"/>
  <system-out/>
  <testcase classname="api.Test.UserTests2" name="testUpdateUserByName" time="2.332"/>
  <system-out/>
  <testcase classname="api.Test.UserTests2" name="deleteUserByName" time="1.140"/>
  <system-out/>
</testsuite> <!-- api.Test.UserTests2 -->
